<?xml version="1.0" encoding="UTF-8"?>
<testsuites name="Normal" time="34.969" tests="6" failures="0" errors="0">
   <testsuite name="Normal" tests="6" failures="0" errors="0" time="34.969" skipped="0" timestamp="05-04-2024T10:23:18" hostname="1735 - 192.168.137.77" id="Test Suites/Normal">
      <properties>
         <property name="deviceName" value=""/>
         <property name="devicePlatform" value=""/>
         <property name="logFolder" value="C:\\Users\\1735\\git\\katalon_automationexercise\\Reports\\20240405_102314\\Normal\\20240405_102314"/>
         <property name="logFiles" value="C:\\Users\\1735\\git\\katalon_automationexercise\\Reports\\20240405_102314\\Normal\\20240405_102314\\execution0.log"/>
         <property name="attachments" value=""/>
         <property name="hostName" value="1735 - 192.168.137.77"/>
         <property name="os" value="Windows 11 64bit"/>
         <property name="katalonVersion" value="9.3.2.212"/>
         <property name="browser" value="Chrome 123.0.6312.86"/>
         <property name="hostAddress" value="192.168.137.77"/>
         <property name="sessionId" value="7ef6da59ea6062a8e575fdc0939fcf19"/>
         <property name="seleniumVersion" value="3.141.59"/>
         <property name="proxyInformation" value="ProxyInformation { proxyOption=NO_PROXY, proxyServerType=HTTP, username=, password=********, proxyServerAddress=, proxyServerPort=0, executionList=&quot;&quot;, isApplyToDesiredCapabilities=true }"/>
         <property name="platform" value="Windows 11"/>
      </properties>
      <testcase name="Test Cases/Register - With Existing Email" time="9.843" classname="Test Cases/Register - With Existing Email" status="PASSED">
         <system-out><![CDATA[05-04-2024T10:23:18 - [TEST_CASE][PASSED] - Test Cases/Register - With Existing Email: Test Cases/Register - With Existing Email

05-04-2024T10:23:19 - [TEST_STEP][PASSED] - openBrowser(""): Browser is opened with url: ''

05-04-2024T10:23:19 - [MESSAGE][INFO] - Starting 'Chrome (headless)' driver

05-04-2024T10:23:19 - [MESSAGE][INFO] - Action delay is set to 0 milliseconds

05-04-2024T10:23:21 - [MESSAGE][PASSED] - Browser is opened with url: ''

05-04-2024T10:23:21 - [TEST_STEP][PASSED] - navigateToUrl("https://automationexercise.com/"): Navigate to 'https://automationexercise.com/' successfully

05-04-2024T10:23:25 - [MESSAGE][PASSED] - Navigate to 'https://automationexercise.com/' successfully

05-04-2024T10:23:25 - [TEST_STEP][PASSED] - click(findTestObject("Object Repository/Register - With Existing Email/Page_Automation Exercise/a_Signup  Login")): Object: 'Object Repository/Register - With Existing Email/Page_Automation Exercise/a_Signup  Login' is clicked on

05-04-2024T10:23:27 - [MESSAGE][PASSED] - Object: 'Object Repository/Register - With Existing Email/Page_Automation Exercise/a_Signup  Login' is clicked on

05-04-2024T10:23:27 - [TEST_STEP][PASSED] - setText(findTestObject("Object Repository/Register - With Existing Email/Page_Automation Exercise - Signup  Login/input_New User Signup_name"), "Filbert Bojinov"): Text 'Filbert Bojinov' is set on object 'Object Repository/Register - With Existing Email/Page_Automation Exercise - Signup  Login/input_New User Signup_name'

05-04-2024T10:23:27 - [MESSAGE][PASSED] - Text 'Filbert Bojinov' is set on object 'Object Repository/Register - With Existing Email/Page_Automation Exercise - Signup  Login/input_New User Signup_name'

05-04-2024T10:23:27 - [TEST_STEP][PASSED] - setText(findTestObject("Object Repository/Register - With Existing Email/Page_Automation Exercise - Signup  Login/input_New User Signup_email"), "filbert.bojinov@katalon.com"): Text 'filbert.bojinov@katalon.com' is set on object 'Object Repository/Register - With Existing Email/Page_Automation Exercise - Signup  Login/input_New User Signup_email'

05-04-2024T10:23:27 - [MESSAGE][PASSED] - Text 'filbert.bojinov@katalon.com' is set on object 'Object Repository/Register - With Existing Email/Page_Automation Exercise - Signup  Login/input_New User Signup_email'

05-04-2024T10:23:27 - [TEST_STEP][PASSED] - click(findTestObject("Object Repository/Register - With Existing Email/Page_Automation Exercise - Signup  Login/button_Signup")): Object: 'Object Repository/Register - With Existing Email/Page_Automation Exercise - Signup  Login/button_Signup' is clicked on

05-04-2024T10:23:28 - [MESSAGE][PASSED] - Object: 'Object Repository/Register - With Existing Email/Page_Automation Exercise - Signup  Login/button_Signup' is clicked on

05-04-2024T10:23:28 - [TEST_STEP][PASSED] - verifyElementVisible(findTestObject("Register - With Existing Email/Page_Automation Exercise - Signup  Login/p_Email Address already exist")): Object 'Object Repository/Register - With Existing Email/Page_Automation Exercise - Signup  Login/p_Email Address already exist' is visible

05-04-2024T10:23:28 - [MESSAGE][PASSED] - Object 'Object Repository/Register - With Existing Email/Page_Automation Exercise - Signup  Login/p_Email Address already exist' is visible]]></system-out>
         <system-err><![CDATA[]]></system-err>
      </testcase>
      <testcase name="Test Cases/Login - Incorrect" time="7.613" classname="Test Cases/Login - Incorrect" status="PASSED">
         <system-out><![CDATA[05-04-2024T10:23:28 - [TEST_CASE][PASSED] - Test Cases/Login - Incorrect: Test Cases/Login - Incorrect

05-04-2024T10:23:28 - [TEST_STEP][PASSED] - openBrowser(""): Browser is opened with url: ''

05-04-2024T10:23:28 - [MESSAGE][WARNING] - A browser is already opened. Closing browser and opening a new one

05-04-2024T10:23:28 - [MESSAGE][INFO] - Starting 'Chrome (headless)' driver

05-04-2024T10:23:28 - [MESSAGE][INFO] - Action delay is set to 0 milliseconds

05-04-2024T10:23:29 - [MESSAGE][PASSED] - Browser is opened with url: ''

05-04-2024T10:23:29 - [TEST_STEP][PASSED] - navigateToUrl("https://automationexercise.com/"): Navigate to 'https://automationexercise.com/' successfully

05-04-2024T10:23:33 - [MESSAGE][PASSED] - Navigate to 'https://automationexercise.com/' successfully

05-04-2024T10:23:33 - [TEST_STEP][PASSED] - click(findTestObject("Object Repository/Login - Incorrect/Page_Automation Exercise/a_Signup  Login")): Object: 'Object Repository/Login - Incorrect/Page_Automation Exercise/a_Signup  Login' is clicked on

05-04-2024T10:23:34 - [MESSAGE][PASSED] - Object: 'Object Repository/Login - Incorrect/Page_Automation Exercise/a_Signup  Login' is clicked on

05-04-2024T10:23:34 - [TEST_STEP][PASSED] - setText(findTestObject("Object Repository/Login - Incorrect/Page_Automation Exercise - Signup  Login/input_Login to your account_email"), "halohbrty@katalon.com"): Text 'halohbrty@katalon.com' is set on object 'Object Repository/Login - Incorrect/Page_Automation Exercise - Signup  Login/input_Login to your account_email'

05-04-2024T10:23:35 - [MESSAGE][PASSED] - Text 'halohbrty@katalon.com' is set on object 'Object Repository/Login - Incorrect/Page_Automation Exercise - Signup  Login/input_Login to your account_email'

05-04-2024T10:23:35 - [TEST_STEP][PASSED] - setEncryptedText(findTestObject("Object Repository/Login - Incorrect/Page_Automation Exercise - Signup  Login/input_Login to your account_password"), "tzH6RvlfSTg="): Text ****** has been set on object 'Object Repository/Login - Incorrect/Page_Automation Exercise - Signup  Login/input_Login to your account_password'

05-04-2024T10:23:35 - [MESSAGE][PASSED] - Text ****** has been set on object 'Object Repository/Login - Incorrect/Page_Automation Exercise - Signup  Login/input_Login to your account_password'

05-04-2024T10:23:35 - [TEST_STEP][PASSED] - click(findTestObject("Object Repository/Login - Incorrect/Page_Automation Exercise - Signup  Login/button_Login")): Object: 'Object Repository/Login - Incorrect/Page_Automation Exercise - Signup  Login/button_Login' is clicked on

05-04-2024T10:23:36 - [MESSAGE][PASSED] - Object: 'Object Repository/Login - Incorrect/Page_Automation Exercise - Signup  Login/button_Login' is clicked on

05-04-2024T10:23:36 - [TEST_STEP][PASSED] - verifyElementVisible(findTestObject("Login - Incorrect/Page_Automation Exercise - Signup  Login/p_Your email or password is incorrect")): Object 'Object Repository/Login - Incorrect/Page_Automation Exercise - Signup  Login/p_Your email or password is incorrect' is visible

05-04-2024T10:23:36 - [MESSAGE][PASSED] - Object 'Object Repository/Login - Incorrect/Page_Automation Exercise - Signup  Login/p_Your email or password is incorrect' is visible]]></system-out>
         <system-err><![CDATA[]]></system-err>
      </testcase>
      <testcase name="Test Cases/Login - Correct" time="10.29" classname="Test Cases/Login - Correct" status="PASSED">
         <system-out><![CDATA[05-04-2024T10:23:36 - [TEST_CASE][PASSED] - Test Cases/Login - Correct: Test Cases/Login - Correct

05-04-2024T10:23:36 - [TEST_STEP][PASSED] - openBrowser(""): Browser is opened with url: ''

05-04-2024T10:23:36 - [MESSAGE][WARNING] - A browser is already opened. Closing browser and opening a new one

05-04-2024T10:23:36 - [MESSAGE][INFO] - Starting 'Chrome (headless)' driver

05-04-2024T10:23:36 - [MESSAGE][INFO] - Action delay is set to 0 milliseconds

05-04-2024T10:23:37 - [MESSAGE][PASSED] - Browser is opened with url: ''

05-04-2024T10:23:37 - [TEST_STEP][PASSED] - navigateToUrl("https://automationexercise.com/"): Navigate to 'https://automationexercise.com/' successfully

05-04-2024T10:23:40 - [MESSAGE][PASSED] - Navigate to 'https://automationexercise.com/' successfully

05-04-2024T10:23:40 - [TEST_STEP][PASSED] - click(findTestObject("Object Repository/Login - Correct/Page_Automation Exercise/a_Signup  Login")): Object: 'Object Repository/Login - Correct/Page_Automation Exercise/a_Signup  Login' is clicked on

05-04-2024T10:23:42 - [MESSAGE][PASSED] - Object: 'Object Repository/Login - Correct/Page_Automation Exercise/a_Signup  Login' is clicked on

05-04-2024T10:23:42 - [TEST_STEP][PASSED] - setText(findTestObject("Object Repository/Login - Correct/Page_Automation Exercise - Signup  Login/input_Login to your account_email"), "filbert.bojinov@katalon.com"): Text 'filbert.bojinov@katalon.com' is set on object 'Object Repository/Login - Correct/Page_Automation Exercise - Signup  Login/input_Login to your account_email'

05-04-2024T10:23:42 - [MESSAGE][PASSED] - Text 'filbert.bojinov@katalon.com' is set on object 'Object Repository/Login - Correct/Page_Automation Exercise - Signup  Login/input_Login to your account_email'

05-04-2024T10:23:42 - [TEST_STEP][PASSED] - setEncryptedText(findTestObject("Object Repository/Login - Correct/Page_Automation Exercise - Signup  Login/input_Login to your account_password"), "tzH6RvlfSTg="): Text ****** has been set on object 'Object Repository/Login - Correct/Page_Automation Exercise - Signup  Login/input_Login to your account_password'

05-04-2024T10:23:43 - [MESSAGE][PASSED] - Text ****** has been set on object 'Object Repository/Login - Correct/Page_Automation Exercise - Signup  Login/input_Login to your account_password'

05-04-2024T10:23:43 - [TEST_STEP][PASSED] - click(findTestObject("Object Repository/Login - Correct/Page_Automation Exercise - Signup  Login/button_Login")): Object: 'Object Repository/Login - Correct/Page_Automation Exercise - Signup  Login/button_Login' is clicked on

05-04-2024T10:23:46 - [MESSAGE][PASSED] - Object: 'Object Repository/Login - Correct/Page_Automation Exercise - Signup  Login/button_Login' is clicked on]]></system-out>
         <system-err><![CDATA[]]></system-err>
      </testcase>
      <testcase name="Test Cases/Verify Subscription in home page" time="0.559" classname="Test Cases/Verify Subscription in home page" status="PASSED">
         <system-out><![CDATA[05-04-2024T10:23:46 - [TEST_CASE][PASSED] - Test Cases/Verify Subscription in home page: Test Cases/Verify Subscription in home page

05-04-2024T10:23:46 - [TEST_STEP][PASSED] - setText(findTestObject("Object Repository/Verify Subscription in home page/Page_Automation Exercise/input_Subscription_susbscribe_email"), "FILBERT.BOJINOV@KATALON.COM"): Text 'FILBERT.BOJINOV@KATALON.COM' is set on object 'Object Repository/Verify Subscription in home page/Page_Automation Exercise/input_Subscription_susbscribe_email'

05-04-2024T10:23:46 - [MESSAGE][PASSED] - Text 'FILBERT.BOJINOV@KATALON.COM' is set on object 'Object Repository/Verify Subscription in home page/Page_Automation Exercise/input_Subscription_susbscribe_email'

05-04-2024T10:23:46 - [TEST_STEP][PASSED] - click(findTestObject("Object Repository/Verify Subscription in home page/Page_Automation Exercise/button_Subscription_subscribe")): Object: 'Object Repository/Verify Subscription in home page/Page_Automation Exercise/button_Subscription_subscribe' is clicked on

05-04-2024T10:23:47 - [MESSAGE][PASSED] - Object: 'Object Repository/Verify Subscription in home page/Page_Automation Exercise/button_Subscription_subscribe' is clicked on

05-04-2024T10:23:47 - [TEST_STEP][PASSED] - verifyElementVisible(findTestObject("Verify Subscription in home page/Page_Automation Exercise/div_You have been successfully subscribed")): Object 'Object Repository/Verify Subscription in home page/Page_Automation Exercise/div_You have been successfully subscribed' is visible

05-04-2024T10:23:47 - [MESSAGE][PASSED] - Object 'Object Repository/Verify Subscription in home page/Page_Automation Exercise/div_You have been successfully subscribed' is visible]]></system-out>
         <system-err><![CDATA[]]></system-err>
      </testcase>
      <testcase name="Test Cases/Add review on product" time="4.972" classname="Test Cases/Add review on product" status="PASSED">
         <system-out><![CDATA[05-04-2024T10:23:47 - [TEST_CASE][PASSED] - Test Cases/Add review on product: Test Cases/Add review on product

05-04-2024T10:23:47 - [TEST_STEP][PASSED] - click(findTestObject("Object Repository/Add review on product/Page_Automation Exercise/a_Products")): Object: 'Object Repository/Add review on product/Page_Automation Exercise/a_Products' is clicked on

05-04-2024T10:23:49 - [MESSAGE][PASSED] - Object: 'Object Repository/Add review on product/Page_Automation Exercise/a_Products' is clicked on

05-04-2024T10:23:49 - [TEST_STEP][PASSED] - click(findTestObject("Object Repository/Add review on product/Page_Automation Exercise - All Products/a_View Product")): Object: 'Object Repository/Add review on product/Page_Automation Exercise - All Products/a_View Product' is clicked on

05-04-2024T10:23:51 - [MESSAGE][PASSED] - Object: 'Object Repository/Add review on product/Page_Automation Exercise - All Products/a_View Product' is clicked on

05-04-2024T10:23:51 - [TEST_STEP][PASSED] - setText(findTestObject("Object Repository/Add review on product/Page_Automation Exercise - Product Details/input_Write Your Review_name"), "Ola"): Text 'Ola' is set on object 'Object Repository/Add review on product/Page_Automation Exercise - Product Details/input_Write Your Review_name'

05-04-2024T10:23:51 - [MESSAGE][PASSED] - Text 'Ola' is set on object 'Object Repository/Add review on product/Page_Automation Exercise - Product Details/input_Write Your Review_name'

05-04-2024T10:23:51 - [TEST_STEP][PASSED] - setText(findTestObject("Object Repository/Add review on product/Page_Automation Exercise - Product Details/input_Write Your Review_email"), "ola@katalon.com"): Text 'ola@katalon.com' is set on object 'Object Repository/Add review on product/Page_Automation Exercise - Product Details/input_Write Your Review_email'

05-04-2024T10:23:51 - [MESSAGE][PASSED] - Text 'ola@katalon.com' is set on object 'Object Repository/Add review on product/Page_Automation Exercise - Product Details/input_Write Your Review_email'

05-04-2024T10:23:51 - [TEST_STEP][PASSED] - setText(findTestObject("Object Repository/Add review on product/Page_Automation Exercise - Product Details/textarea_Write Your Review_review"), "testo"): Text 'testo' is set on object 'Object Repository/Add review on product/Page_Automation Exercise - Product Details/textarea_Write Your Review_review'

05-04-2024T10:23:51 - [MESSAGE][PASSED] - Text 'testo' is set on object 'Object Repository/Add review on product/Page_Automation Exercise - Product Details/textarea_Write Your Review_review'

05-04-2024T10:23:51 - [TEST_STEP][PASSED] - click(findTestObject("Object Repository/Add review on product/Page_Automation Exercise - Product Details/button_Submit")): Object: 'Object Repository/Add review on product/Page_Automation Exercise - Product Details/button_Submit' is clicked on

05-04-2024T10:23:52 - [MESSAGE][PASSED] - Object: 'Object Repository/Add review on product/Page_Automation Exercise - Product Details/button_Submit' is clicked on

05-04-2024T10:23:52 - [TEST_STEP][PASSED] - verifyElementVisible(findTestObject("Add review on product/Page_Automation Exercise - Product Details/span_Thank you for your review")): Object 'Object Repository/Add review on product/Page_Automation Exercise - Product Details/span_Thank you for your review' is visible

05-04-2024T10:23:52 - [MESSAGE][PASSED] - Object 'Object Repository/Add review on product/Page_Automation Exercise - Product Details/span_Thank you for your review' is visible]]></system-out>
         <system-err><![CDATA[]]></system-err>
      </testcase>
      <testcase name="Test Cases/Logout" time="1.456" classname="Test Cases/Logout" status="PASSED">
         <system-out><![CDATA[05-04-2024T10:23:52 - [TEST_CASE][PASSED] - Test Cases/Logout: Test Cases/Logout

05-04-2024T10:23:52 - [TEST_STEP][PASSED] - click(findTestObject("Object Repository/Register/Page_Automation Exercise/a_Logout")): Object: 'Object Repository/Register/Page_Automation Exercise/a_Logout' is clicked on

05-04-2024T10:23:53 - [MESSAGE][PASSED] - Object: 'Object Repository/Register/Page_Automation Exercise/a_Logout' is clicked on]]></system-out>
         <system-err><![CDATA[]]></system-err>
      </testcase>
      <system-out><![CDATA[05-04-2024T10:23:18 - [TEST_SUITE][PASSED] - Normal: Test Cases/Logout]]></system-out>
      <system-err><![CDATA[]]></system-err>
   </testsuite>
</testsuites>
