<?xml version="1.0" encoding="UTF-8"?>
<testsuites name="TSC - Test" time="55.882" tests="8" failures="0" errors="0">
   <testsuite name="Login - Logout" tests="2" failures="0" errors="0" time="12.469" skipped="0" timestamp="04-04-2024T12:30:24" hostname="1735 - 192.168.137.77" id="Test Suites/Login - Logout">
      <properties>
         <property name="deviceName" value=""/>
         <property name="devicePlatform" value=""/>
         <property name="logFolder" value="C:\\Users\\1735\\git\\katalon_automationexercise\\Reports\\20240404_123016\\Login - Logout\\20240404_123017"/>
         <property name="logFiles" value="C:\\Users\\1735\\git\\katalon_automationexercise\\Reports\\20240404_123016\\Login - Logout\\20240404_123017\\execution0.log"/>
         <property name="attachments" value=""/>
         <property name="hostName" value="1735 - 192.168.137.77"/>
         <property name="os" value="Windows 11 64bit"/>
         <property name="katalonVersion" value="9.3.2.212"/>
         <property name="browser" value="Chrome 123.0.6312.86"/>
         <property name="hostAddress" value="192.168.137.77"/>
         <property name="sessionId" value="9fa9a010ff55d6e9287300dbea1ea7b4"/>
         <property name="seleniumVersion" value="3.141.59"/>
         <property name="proxyInformation" value="ProxyInformation { proxyOption=NO_PROXY, proxyServerType=HTTP, username=, password=********, proxyServerAddress=, proxyServerPort=0, executionList=&quot;&quot;, isApplyToDesiredCapabilities=true }"/>
         <property name="platform" value="Windows 11"/>
      </properties>
      <testcase name="Test Cases/Login - Correct" time="11.195" classname="Test Cases/Login - Correct" status="PASSED">
         <system-out><![CDATA[04-04-2024T12:30:25 - [TEST_CASE][PASSED] - Test Cases/Login - Correct: Test Cases/Login - Correct

04-04-2024T12:30:25 - [TEST_STEP][PASSED] - openBrowser(""): Browser is opened with url: ''

04-04-2024T12:30:25 - [MESSAGE][INFO] - Starting 'Chrome (headless)' driver

04-04-2024T12:30:25 - [MESSAGE][INFO] - Action delay is set to 0 milliseconds

04-04-2024T12:30:27 - [MESSAGE][PASSED] - Browser is opened with url: ''

04-04-2024T12:30:27 - [TEST_STEP][PASSED] - navigateToUrl("https://automationexercise.com/"): Navigate to 'https://automationexercise.com/' successfully

04-04-2024T12:30:30 - [MESSAGE][PASSED] - Navigate to 'https://automationexercise.com/' successfully

04-04-2024T12:30:30 - [TEST_STEP][PASSED] - click(findTestObject("Object Repository/Login - Correct/Page_Automation Exercise/a_Signup  Login")): Object: 'Object Repository/Login - Correct/Page_Automation Exercise/a_Signup  Login' is clicked on

04-04-2024T12:30:31 - [MESSAGE][PASSED] - Object: 'Object Repository/Login - Correct/Page_Automation Exercise/a_Signup  Login' is clicked on

04-04-2024T12:30:31 - [TEST_STEP][PASSED] - setText(findTestObject("Object Repository/Login - Correct/Page_Automation Exercise - Signup  Login/input_Login to your account_email"), "filbert.bojinov@katalon.com"): Text 'filbert.bojinov@katalon.com' is set on object 'Object Repository/Login - Correct/Page_Automation Exercise - Signup  Login/input_Login to your account_email'

04-04-2024T12:30:32 - [MESSAGE][PASSED] - Text 'filbert.bojinov@katalon.com' is set on object 'Object Repository/Login - Correct/Page_Automation Exercise - Signup  Login/input_Login to your account_email'

04-04-2024T12:30:32 - [TEST_STEP][PASSED] - setEncryptedText(findTestObject("Object Repository/Login - Correct/Page_Automation Exercise - Signup  Login/input_Login to your account_password"), "tzH6RvlfSTg="): Text ****** has been set on object 'Object Repository/Login - Correct/Page_Automation Exercise - Signup  Login/input_Login to your account_password'

04-04-2024T12:30:32 - [MESSAGE][PASSED] - Text ****** has been set on object 'Object Repository/Login - Correct/Page_Automation Exercise - Signup  Login/input_Login to your account_password'

04-04-2024T12:30:32 - [TEST_STEP][PASSED] - click(findTestObject("Object Repository/Login - Correct/Page_Automation Exercise - Signup  Login/button_Login")): Object: 'Object Repository/Login - Correct/Page_Automation Exercise - Signup  Login/button_Login' is clicked on

04-04-2024T12:30:36 - [MESSAGE][PASSED] - Object: 'Object Repository/Login - Correct/Page_Automation Exercise - Signup  Login/button_Login' is clicked on]]></system-out>
         <system-err><![CDATA[]]></system-err>
      </testcase>
      <testcase name="Test Cases/Logout" time="1.033" classname="Test Cases/Logout" status="PASSED">
         <system-out><![CDATA[04-04-2024T12:30:36 - [TEST_CASE][PASSED] - Test Cases/Logout: Test Cases/Logout

04-04-2024T12:30:36 - [TEST_STEP][PASSED] - click(findTestObject("Object Repository/Register/Page_Automation Exercise/a_Logout")): Object: 'Object Repository/Register/Page_Automation Exercise/a_Logout' is clicked on

04-04-2024T12:30:37 - [MESSAGE][PASSED] - Object: 'Object Repository/Register/Page_Automation Exercise/a_Logout' is clicked on]]></system-out>
         <system-err><![CDATA[]]></system-err>
      </testcase>
      <system-out><![CDATA[04-04-2024T12:30:24 - [TEST_SUITE][PASSED] - Login - Logout: Test Cases/Logout]]></system-out>
      <system-err><![CDATA[]]></system-err>
   </testsuite>
   <testsuite name="Normal" tests="6" failures="0" errors="0" time="33.313" skipped="0" timestamp="04-04-2024T12:30:42" hostname="1735 - 192.168.137.77" id="Test Suites/Normal">
      <properties>
         <property name="deviceName" value=""/>
         <property name="devicePlatform" value=""/>
         <property name="logFolder" value="C:\\Users\\1735\\git\\katalon_automationexercise\\Reports\\20240404_123016\\Normal\\20240404_123019"/>
         <property name="logFiles" value="C:\\Users\\1735\\git\\katalon_automationexercise\\Reports\\20240404_123016\\Normal\\20240404_123019\\execution0.log"/>
         <property name="attachments" value=""/>
         <property name="hostName" value="1735 - 192.168.137.77"/>
         <property name="os" value="Windows 11 64bit"/>
         <property name="katalonVersion" value="9.3.2.212"/>
         <property name="browser" value="Chrome 123.0.6312.86"/>
         <property name="hostAddress" value="192.168.137.77"/>
         <property name="sessionId" value="5833d0ee9178d2e9d790df7bacc307cf"/>
         <property name="seleniumVersion" value="3.141.59"/>
         <property name="proxyInformation" value="ProxyInformation { proxyOption=NO_PROXY, proxyServerType=HTTP, username=, password=********, proxyServerAddress=, proxyServerPort=0, executionList=&quot;&quot;, isApplyToDesiredCapabilities=true }"/>
         <property name="platform" value="Windows 11"/>
      </properties>
      <testcase name="Test Cases/Register - With Existing Email" time="8.959" classname="Test Cases/Register - With Existing Email" status="PASSED">
         <system-out><![CDATA[04-04-2024T12:30:42 - [TEST_CASE][PASSED] - Test Cases/Register - With Existing Email: Test Cases/Register - With Existing Email

04-04-2024T12:30:43 - [TEST_STEP][PASSED] - openBrowser(""): Browser is opened with url: ''

04-04-2024T12:30:43 - [MESSAGE][INFO] - Starting 'Chrome (headless)' driver

04-04-2024T12:30:43 - [MESSAGE][INFO] - Action delay is set to 0 milliseconds

04-04-2024T12:30:44 - [MESSAGE][PASSED] - Browser is opened with url: ''

04-04-2024T12:30:44 - [TEST_STEP][PASSED] - navigateToUrl("https://automationexercise.com/"): Navigate to 'https://automationexercise.com/' successfully

04-04-2024T12:30:47 - [MESSAGE][PASSED] - Navigate to 'https://automationexercise.com/' successfully

04-04-2024T12:30:47 - [TEST_STEP][PASSED] - click(findTestObject("Object Repository/Register - With Existing Email/Page_Automation Exercise/a_Signup  Login")): Object: 'Object Repository/Register - With Existing Email/Page_Automation Exercise/a_Signup  Login' is clicked on

04-04-2024T12:30:49 - [MESSAGE][PASSED] - Object: 'Object Repository/Register - With Existing Email/Page_Automation Exercise/a_Signup  Login' is clicked on

04-04-2024T12:30:49 - [TEST_STEP][PASSED] - setText(findTestObject("Object Repository/Register - With Existing Email/Page_Automation Exercise - Signup  Login/input_New User Signup_name"), "Filbert Bojinov"): Text 'Filbert Bojinov' is set on object 'Object Repository/Register - With Existing Email/Page_Automation Exercise - Signup  Login/input_New User Signup_name'

04-04-2024T12:30:50 - [MESSAGE][PASSED] - Text 'Filbert Bojinov' is set on object 'Object Repository/Register - With Existing Email/Page_Automation Exercise - Signup  Login/input_New User Signup_name'

04-04-2024T12:30:50 - [TEST_STEP][PASSED] - setText(findTestObject("Object Repository/Register - With Existing Email/Page_Automation Exercise - Signup  Login/input_New User Signup_email"), "filbert.bojinov@katalon.com"): Text 'filbert.bojinov@katalon.com' is set on object 'Object Repository/Register - With Existing Email/Page_Automation Exercise - Signup  Login/input_New User Signup_email'

04-04-2024T12:30:50 - [MESSAGE][PASSED] - Text 'filbert.bojinov@katalon.com' is set on object 'Object Repository/Register - With Existing Email/Page_Automation Exercise - Signup  Login/input_New User Signup_email'

04-04-2024T12:30:50 - [TEST_STEP][PASSED] - click(findTestObject("Object Repository/Register - With Existing Email/Page_Automation Exercise - Signup  Login/button_Signup")): Object: 'Object Repository/Register - With Existing Email/Page_Automation Exercise - Signup  Login/button_Signup' is clicked on

04-04-2024T12:30:51 - [MESSAGE][PASSED] - Object: 'Object Repository/Register - With Existing Email/Page_Automation Exercise - Signup  Login/button_Signup' is clicked on

04-04-2024T12:30:51 - [TEST_STEP][PASSED] - verifyElementVisible(findTestObject("Register - With Existing Email/Page_Automation Exercise - Signup  Login/p_Email Address already exist")): Object 'Object Repository/Register - With Existing Email/Page_Automation Exercise - Signup  Login/p_Email Address already exist' is visible

04-04-2024T12:30:51 - [MESSAGE][PASSED] - Object 'Object Repository/Register - With Existing Email/Page_Automation Exercise - Signup  Login/p_Email Address already exist' is visible]]></system-out>
         <system-err><![CDATA[]]></system-err>
      </testcase>
      <testcase name="Test Cases/Login - Incorrect" time="7.622" classname="Test Cases/Login - Incorrect" status="PASSED">
         <system-out><![CDATA[04-04-2024T12:30:51 - [TEST_CASE][PASSED] - Test Cases/Login - Incorrect: Test Cases/Login - Incorrect

04-04-2024T12:30:51 - [TEST_STEP][PASSED] - openBrowser(""): Browser is opened with url: ''

04-04-2024T12:30:51 - [MESSAGE][WARNING] - A browser is already opened. Closing browser and opening a new one

04-04-2024T12:30:51 - [MESSAGE][INFO] - Starting 'Chrome (headless)' driver

04-04-2024T12:30:51 - [MESSAGE][INFO] - Action delay is set to 0 milliseconds

04-04-2024T12:30:52 - [MESSAGE][PASSED] - Browser is opened with url: ''

04-04-2024T12:30:52 - [TEST_STEP][PASSED] - navigateToUrl("https://automationexercise.com/"): Navigate to 'https://automationexercise.com/' successfully

04-04-2024T12:30:55 - [MESSAGE][PASSED] - Navigate to 'https://automationexercise.com/' successfully

04-04-2024T12:30:55 - [TEST_STEP][PASSED] - click(findTestObject("Object Repository/Login - Incorrect/Page_Automation Exercise/a_Signup  Login")): Object: 'Object Repository/Login - Incorrect/Page_Automation Exercise/a_Signup  Login' is clicked on

04-04-2024T12:30:57 - [MESSAGE][PASSED] - Object: 'Object Repository/Login - Incorrect/Page_Automation Exercise/a_Signup  Login' is clicked on

04-04-2024T12:30:57 - [TEST_STEP][PASSED] - setText(findTestObject("Object Repository/Login - Incorrect/Page_Automation Exercise - Signup  Login/input_Login to your account_email"), "halohbrty@katalon.com"): Text 'halohbrty@katalon.com' is set on object 'Object Repository/Login - Incorrect/Page_Automation Exercise - Signup  Login/input_Login to your account_email'

04-04-2024T12:30:57 - [MESSAGE][PASSED] - Text 'halohbrty@katalon.com' is set on object 'Object Repository/Login - Incorrect/Page_Automation Exercise - Signup  Login/input_Login to your account_email'

04-04-2024T12:30:57 - [TEST_STEP][PASSED] - setEncryptedText(findTestObject("Object Repository/Login - Incorrect/Page_Automation Exercise - Signup  Login/input_Login to your account_password"), "tzH6RvlfSTg="): Text ****** has been set on object 'Object Repository/Login - Incorrect/Page_Automation Exercise - Signup  Login/input_Login to your account_password'

04-04-2024T12:30:58 - [MESSAGE][PASSED] - Text ****** has been set on object 'Object Repository/Login - Incorrect/Page_Automation Exercise - Signup  Login/input_Login to your account_password'

04-04-2024T12:30:58 - [TEST_STEP][PASSED] - click(findTestObject("Object Repository/Login - Incorrect/Page_Automation Exercise - Signup  Login/button_Login")): Object: 'Object Repository/Login - Incorrect/Page_Automation Exercise - Signup  Login/button_Login' is clicked on

04-04-2024T12:30:59 - [MESSAGE][PASSED] - Object: 'Object Repository/Login - Incorrect/Page_Automation Exercise - Signup  Login/button_Login' is clicked on

04-04-2024T12:30:59 - [TEST_STEP][PASSED] - verifyElementVisible(findTestObject("Login - Incorrect/Page_Automation Exercise - Signup  Login/p_Your email or password is incorrect")): Object 'Object Repository/Login - Incorrect/Page_Automation Exercise - Signup  Login/p_Your email or password is incorrect' is visible

04-04-2024T12:30:59 - [MESSAGE][PASSED] - Object 'Object Repository/Login - Incorrect/Page_Automation Exercise - Signup  Login/p_Your email or password is incorrect' is visible]]></system-out>
         <system-err><![CDATA[]]></system-err>
      </testcase>
      <testcase name="Test Cases/Login - Correct" time="10.584" classname="Test Cases/Login - Correct" status="PASSED">
         <system-out><![CDATA[04-04-2024T12:30:59 - [TEST_CASE][PASSED] - Test Cases/Login - Correct: Test Cases/Login - Correct

04-04-2024T12:30:59 - [TEST_STEP][PASSED] - openBrowser(""): Browser is opened with url: ''

04-04-2024T12:30:59 - [MESSAGE][WARNING] - A browser is already opened. Closing browser and opening a new one

04-04-2024T12:30:59 - [MESSAGE][INFO] - Starting 'Chrome (headless)' driver

04-04-2024T12:30:59 - [MESSAGE][INFO] - Action delay is set to 0 milliseconds

04-04-2024T12:31:00 - [MESSAGE][PASSED] - Browser is opened with url: ''

04-04-2024T12:31:00 - [TEST_STEP][PASSED] - navigateToUrl("https://automationexercise.com/"): Navigate to 'https://automationexercise.com/' successfully

04-04-2024T12:31:04 - [MESSAGE][PASSED] - Navigate to 'https://automationexercise.com/' successfully

04-04-2024T12:31:04 - [TEST_STEP][PASSED] - click(findTestObject("Object Repository/Login - Correct/Page_Automation Exercise/a_Signup  Login")): Object: 'Object Repository/Login - Correct/Page_Automation Exercise/a_Signup  Login' is clicked on

04-04-2024T12:31:06 - [MESSAGE][PASSED] - Object: 'Object Repository/Login - Correct/Page_Automation Exercise/a_Signup  Login' is clicked on

04-04-2024T12:31:06 - [TEST_STEP][PASSED] - setText(findTestObject("Object Repository/Login - Correct/Page_Automation Exercise - Signup  Login/input_Login to your account_email"), "filbert.bojinov@katalon.com"): Text 'filbert.bojinov@katalon.com' is set on object 'Object Repository/Login - Correct/Page_Automation Exercise - Signup  Login/input_Login to your account_email'

04-04-2024T12:31:06 - [MESSAGE][PASSED] - Text 'filbert.bojinov@katalon.com' is set on object 'Object Repository/Login - Correct/Page_Automation Exercise - Signup  Login/input_Login to your account_email'

04-04-2024T12:31:06 - [TEST_STEP][PASSED] - setEncryptedText(findTestObject("Object Repository/Login - Correct/Page_Automation Exercise - Signup  Login/input_Login to your account_password"), "tzH6RvlfSTg="): Text ****** has been set on object 'Object Repository/Login - Correct/Page_Automation Exercise - Signup  Login/input_Login to your account_password'

04-04-2024T12:31:06 - [MESSAGE][PASSED] - Text ****** has been set on object 'Object Repository/Login - Correct/Page_Automation Exercise - Signup  Login/input_Login to your account_password'

04-04-2024T12:31:06 - [TEST_STEP][PASSED] - click(findTestObject("Object Repository/Login - Correct/Page_Automation Exercise - Signup  Login/button_Login")): Object: 'Object Repository/Login - Correct/Page_Automation Exercise - Signup  Login/button_Login' is clicked on

04-04-2024T12:31:09 - [MESSAGE][PASSED] - Object: 'Object Repository/Login - Correct/Page_Automation Exercise - Signup  Login/button_Login' is clicked on]]></system-out>
         <system-err><![CDATA[]]></system-err>
      </testcase>
      <testcase name="Test Cases/Verify Subscription in home page" time="0.556" classname="Test Cases/Verify Subscription in home page" status="PASSED">
         <system-out><![CDATA[04-04-2024T12:31:09 - [TEST_CASE][PASSED] - Test Cases/Verify Subscription in home page: Test Cases/Verify Subscription in home page

04-04-2024T12:31:10 - [TEST_STEP][PASSED] - setText(findTestObject("Object Repository/Verify Subscription in home page/Page_Automation Exercise/input_Subscription_susbscribe_email"), "FILBERT.BOJINOV@KATALON.COM"): Text 'FILBERT.BOJINOV@KATALON.COM' is set on object 'Object Repository/Verify Subscription in home page/Page_Automation Exercise/input_Subscription_susbscribe_email'

04-04-2024T12:31:10 - [MESSAGE][PASSED] - Text 'FILBERT.BOJINOV@KATALON.COM' is set on object 'Object Repository/Verify Subscription in home page/Page_Automation Exercise/input_Subscription_susbscribe_email'

04-04-2024T12:31:10 - [TEST_STEP][PASSED] - click(findTestObject("Object Repository/Verify Subscription in home page/Page_Automation Exercise/button_Subscription_subscribe")): Object: 'Object Repository/Verify Subscription in home page/Page_Automation Exercise/button_Subscription_subscribe' is clicked on

04-04-2024T12:31:10 - [MESSAGE][PASSED] - Object: 'Object Repository/Verify Subscription in home page/Page_Automation Exercise/button_Subscription_subscribe' is clicked on

04-04-2024T12:31:10 - [TEST_STEP][PASSED] - verifyElementVisible(findTestObject("Verify Subscription in home page/Page_Automation Exercise/div_You have been successfully subscribed")): Object 'Object Repository/Verify Subscription in home page/Page_Automation Exercise/div_You have been successfully subscribed' is visible

04-04-2024T12:31:10 - [MESSAGE][PASSED] - Object 'Object Repository/Verify Subscription in home page/Page_Automation Exercise/div_You have been successfully subscribed' is visible]]></system-out>
         <system-err><![CDATA[]]></system-err>
      </testcase>
      <testcase name="Test Cases/Add review on product" time="3.9" classname="Test Cases/Add review on product" status="PASSED">
         <system-out><![CDATA[04-04-2024T12:31:10 - [TEST_CASE][PASSED] - Test Cases/Add review on product: Test Cases/Add review on product

04-04-2024T12:31:10 - [TEST_STEP][PASSED] - click(findTestObject("Object Repository/Add review on product/Page_Automation Exercise/a_Products")): Object: 'Object Repository/Add review on product/Page_Automation Exercise/a_Products' is clicked on

04-04-2024T12:31:12 - [MESSAGE][PASSED] - Object: 'Object Repository/Add review on product/Page_Automation Exercise/a_Products' is clicked on

04-04-2024T12:31:12 - [TEST_STEP][PASSED] - click(findTestObject("Object Repository/Add review on product/Page_Automation Exercise - All Products/a_View Product")): Object: 'Object Repository/Add review on product/Page_Automation Exercise - All Products/a_View Product' is clicked on

04-04-2024T12:31:13 - [MESSAGE][PASSED] - Object: 'Object Repository/Add review on product/Page_Automation Exercise - All Products/a_View Product' is clicked on

04-04-2024T12:31:13 - [TEST_STEP][PASSED] - setText(findTestObject("Object Repository/Add review on product/Page_Automation Exercise - Product Details/input_Write Your Review_name"), "Ola"): Text 'Ola' is set on object 'Object Repository/Add review on product/Page_Automation Exercise - Product Details/input_Write Your Review_name'

04-04-2024T12:31:13 - [MESSAGE][PASSED] - Text 'Ola' is set on object 'Object Repository/Add review on product/Page_Automation Exercise - Product Details/input_Write Your Review_name'

04-04-2024T12:31:13 - [TEST_STEP][PASSED] - setText(findTestObject("Object Repository/Add review on product/Page_Automation Exercise - Product Details/input_Write Your Review_email"), "ola@katalon.com"): Text 'ola@katalon.com' is set on object 'Object Repository/Add review on product/Page_Automation Exercise - Product Details/input_Write Your Review_email'

04-04-2024T12:31:13 - [MESSAGE][PASSED] - Text 'ola@katalon.com' is set on object 'Object Repository/Add review on product/Page_Automation Exercise - Product Details/input_Write Your Review_email'

04-04-2024T12:31:13 - [TEST_STEP][PASSED] - setText(findTestObject("Object Repository/Add review on product/Page_Automation Exercise - Product Details/textarea_Write Your Review_review"), "testo"): Text 'testo' is set on object 'Object Repository/Add review on product/Page_Automation Exercise - Product Details/textarea_Write Your Review_review'

04-04-2024T12:31:14 - [MESSAGE][PASSED] - Text 'testo' is set on object 'Object Repository/Add review on product/Page_Automation Exercise - Product Details/textarea_Write Your Review_review'

04-04-2024T12:31:14 - [TEST_STEP][PASSED] - click(findTestObject("Object Repository/Add review on product/Page_Automation Exercise - Product Details/button_Submit")): Object: 'Object Repository/Add review on product/Page_Automation Exercise - Product Details/button_Submit' is clicked on

04-04-2024T12:31:14 - [MESSAGE][PASSED] - Object: 'Object Repository/Add review on product/Page_Automation Exercise - Product Details/button_Submit' is clicked on

04-04-2024T12:31:14 - [TEST_STEP][PASSED] - verifyElementVisible(findTestObject("Add review on product/Page_Automation Exercise - Product Details/span_Thank you for your review")): Object 'Object Repository/Add review on product/Page_Automation Exercise - Product Details/span_Thank you for your review' is visible

04-04-2024T12:31:14 - [MESSAGE][PASSED] - Object 'Object Repository/Add review on product/Page_Automation Exercise - Product Details/span_Thank you for your review' is visible]]></system-out>
         <system-err><![CDATA[]]></system-err>
      </testcase>
      <testcase name="Test Cases/Logout" time="1.458" classname="Test Cases/Logout" status="PASSED">
         <system-out><![CDATA[04-04-2024T12:31:14 - [TEST_CASE][PASSED] - Test Cases/Logout: Test Cases/Logout

04-04-2024T12:31:14 - [TEST_STEP][PASSED] - click(findTestObject("Object Repository/Register/Page_Automation Exercise/a_Logout")): Object: 'Object Repository/Register/Page_Automation Exercise/a_Logout' is clicked on

04-04-2024T12:31:15 - [MESSAGE][PASSED] - Object: 'Object Repository/Register/Page_Automation Exercise/a_Logout' is clicked on]]></system-out>
         <system-err><![CDATA[]]></system-err>
      </testcase>
      <system-out><![CDATA[04-04-2024T12:30:42 - [TEST_SUITE][PASSED] - Normal: Test Cases/Logout]]></system-out>
      <system-err><![CDATA[]]></system-err>
   </testsuite>
</testsuites>
