<?xml version="1.0" encoding="UTF-8"?>
<testsuites name="Login - Logout" time="14.115" tests="2" failures="0" errors="0">
   <testsuite name="Login - Logout" tests="2" failures="0" errors="0" time="14.115" skipped="0" timestamp="05-04-2024T10:17:34" hostname="1735 - 192.168.137.77" id="Test Suites/Login - Logout">
      <properties>
         <property name="deviceName" value=""/>
         <property name="devicePlatform" value=""/>
         <property name="logFolder" value="C:\\Users\\1735\\git\\katalon_automationexercise\\Reports\\20240405_101722\\Login - Logout\\20240405_101723"/>
         <property name="logFiles" value="C:\\Users\\1735\\git\\katalon_automationexercise\\Reports\\20240405_101722\\Login - Logout\\20240405_101723\\execution0.log"/>
         <property name="attachments" value=""/>
         <property name="hostName" value="1735 - 192.168.137.77"/>
         <property name="os" value="Windows 11 64bit"/>
         <property name="katalonVersion" value="9.3.2.212"/>
         <property name="browser" value="Chrome 123.0.6312.86"/>
         <property name="hostAddress" value="192.168.137.77"/>
         <property name="sessionId" value="c477fcc43cafd0cd3ad0c8f698acd2dd"/>
         <property name="seleniumVersion" value="3.141.59"/>
         <property name="proxyInformation" value="ProxyInformation { proxyOption=NO_PROXY, proxyServerType=HTTP, username=, password=********, proxyServerAddress=, proxyServerPort=0, executionList=&quot;&quot;, isApplyToDesiredCapabilities=true }"/>
         <property name="platform" value="Windows 11"/>
      </properties>
      <testcase name="Test Cases/Login - Correct" time="12.557" classname="Test Cases/Login - Correct" status="PASSED">
         <system-out><![CDATA[05-04-2024T10:17:34 - [TEST_CASE][PASSED] - Test Cases/Login - Correct: Test Cases/Login - Correct

05-04-2024T10:17:34 - [TEST_STEP][PASSED] - openBrowser(""): Browser is opened with url: ''

05-04-2024T10:17:35 - [MESSAGE][INFO] - Starting 'Chrome (headless)' driver

05-04-2024T10:17:35 - [MESSAGE][INFO] - Action delay is set to 0 milliseconds

05-04-2024T10:17:37 - [MESSAGE][PASSED] - Browser is opened with url: ''

05-04-2024T10:17:37 - [TEST_STEP][PASSED] - navigateToUrl("https://automationexercise.com/"): Navigate to 'https://automationexercise.com/' successfully

05-04-2024T10:17:40 - [MESSAGE][PASSED] - Navigate to 'https://automationexercise.com/' successfully

05-04-2024T10:17:40 - [TEST_STEP][PASSED] - click(findTestObject("Object Repository/Login - Correct/Page_Automation Exercise/a_Signup  Login")): Object: 'Object Repository/Login - Correct/Page_Automation Exercise/a_Signup  Login' is clicked on

05-04-2024T10:17:42 - [MESSAGE][PASSED] - Object: 'Object Repository/Login - Correct/Page_Automation Exercise/a_Signup  Login' is clicked on

05-04-2024T10:17:42 - [TEST_STEP][PASSED] - setText(findTestObject("Object Repository/Login - Correct/Page_Automation Exercise - Signup  Login/input_Login to your account_email"), "filbert.bojinov@katalon.com"): Text 'filbert.bojinov@katalon.com' is set on object 'Object Repository/Login - Correct/Page_Automation Exercise - Signup  Login/input_Login to your account_email'

05-04-2024T10:17:42 - [MESSAGE][PASSED] - Text 'filbert.bojinov@katalon.com' is set on object 'Object Repository/Login - Correct/Page_Automation Exercise - Signup  Login/input_Login to your account_email'

05-04-2024T10:17:42 - [TEST_STEP][PASSED] - setEncryptedText(findTestObject("Object Repository/Login - Correct/Page_Automation Exercise - Signup  Login/input_Login to your account_password"), "tzH6RvlfSTg="): Text ****** has been set on object 'Object Repository/Login - Correct/Page_Automation Exercise - Signup  Login/input_Login to your account_password'

05-04-2024T10:17:43 - [MESSAGE][PASSED] - Text ****** has been set on object 'Object Repository/Login - Correct/Page_Automation Exercise - Signup  Login/input_Login to your account_password'

05-04-2024T10:17:43 - [TEST_STEP][PASSED] - click(findTestObject("Object Repository/Login - Correct/Page_Automation Exercise - Signup  Login/button_Login")): Object: 'Object Repository/Login - Correct/Page_Automation Exercise - Signup  Login/button_Login' is clicked on

05-04-2024T10:17:47 - [MESSAGE][PASSED] - Object: 'Object Repository/Login - Correct/Page_Automation Exercise - Signup  Login/button_Login' is clicked on]]></system-out>
         <system-err><![CDATA[]]></system-err>
      </testcase>
      <testcase name="Test Cases/Logout" time="1.283" classname="Test Cases/Logout" status="PASSED">
         <system-out><![CDATA[05-04-2024T10:17:47 - [TEST_CASE][PASSED] - Test Cases/Logout: Test Cases/Logout

05-04-2024T10:17:47 - [TEST_STEP][PASSED] - click(findTestObject("Object Repository/Register/Page_Automation Exercise/a_Logout")): Object: 'Object Repository/Register/Page_Automation Exercise/a_Logout' is clicked on

05-04-2024T10:17:48 - [MESSAGE][PASSED] - Object: 'Object Repository/Register/Page_Automation Exercise/a_Logout' is clicked on]]></system-out>
         <system-err><![CDATA[]]></system-err>
      </testcase>
      <system-out><![CDATA[05-04-2024T10:17:34 - [TEST_SUITE][PASSED] - Login - Logout: Test Cases/Logout]]></system-out>
      <system-err><![CDATA[]]></system-err>
   </testsuite>
</testsuites>
