<?xml version="1.0" encoding="UTF-8"?>
<testsuites name="TSC - Test" time="59.25" tests="8" failures="0" errors="0">
   <testsuite name="Login - Logout" tests="2" failures="0" errors="0" time="12.682" skipped="0" timestamp="04-04-2024T12:32:37" hostname="1735 - 192.168.137.77" id="Test Suites/Login - Logout">
      <properties>
         <property name="deviceName" value=""/>
         <property name="devicePlatform" value=""/>
         <property name="logFolder" value="C:\\Users\\1735\\git\\katalon_automationexercise\\Reports\\20240404_123228\\Login - Logout\\20240404_123229"/>
         <property name="logFiles" value="C:\\Users\\1735\\git\\katalon_automationexercise\\Reports\\20240404_123228\\Login - Logout\\20240404_123229\\execution0.log"/>
         <property name="attachments" value=""/>
         <property name="hostName" value="1735 - 192.168.137.77"/>
         <property name="os" value="Windows 11 64bit"/>
         <property name="katalonVersion" value="9.3.2.212"/>
         <property name="browser" value="Chrome 123.0.6312.86"/>
         <property name="hostAddress" value="192.168.137.77"/>
         <property name="sessionId" value="d64be434e1e0e66c0cb9eb0f9a1047e7"/>
         <property name="seleniumVersion" value="3.141.59"/>
         <property name="proxyInformation" value="ProxyInformation { proxyOption=NO_PROXY, proxyServerType=HTTP, username=, password=********, proxyServerAddress=, proxyServerPort=0, executionList=&quot;&quot;, isApplyToDesiredCapabilities=true }"/>
         <property name="platform" value="Windows 11"/>
      </properties>
      <testcase name="Test Cases/Login - Correct" time="11.399" classname="Test Cases/Login - Correct" status="PASSED">
         <system-out><![CDATA[04-04-2024T12:32:37 - [TEST_CASE][PASSED] - Test Cases/Login - Correct: Test Cases/Login - Correct

04-04-2024T12:32:37 - [TEST_STEP][PASSED] - openBrowser(""): Browser is opened with url: ''

04-04-2024T12:32:37 - [MESSAGE][INFO] - Starting 'Chrome (headless)' driver

04-04-2024T12:32:38 - [MESSAGE][INFO] - Action delay is set to 0 milliseconds

04-04-2024T12:32:39 - [MESSAGE][PASSED] - Browser is opened with url: ''

04-04-2024T12:32:39 - [TEST_STEP][PASSED] - navigateToUrl("https://automationexercise.com/"): Navigate to 'https://automationexercise.com/' successfully

04-04-2024T12:32:42 - [MESSAGE][PASSED] - Navigate to 'https://automationexercise.com/' successfully

04-04-2024T12:32:42 - [TEST_STEP][PASSED] - click(findTestObject("Object Repository/Login - Correct/Page_Automation Exercise/a_Signup  Login")): Object: 'Object Repository/Login - Correct/Page_Automation Exercise/a_Signup  Login' is clicked on

04-04-2024T12:32:44 - [MESSAGE][PASSED] - Object: 'Object Repository/Login - Correct/Page_Automation Exercise/a_Signup  Login' is clicked on

04-04-2024T12:32:44 - [TEST_STEP][PASSED] - setText(findTestObject("Object Repository/Login - Correct/Page_Automation Exercise - Signup  Login/input_Login to your account_email"), "filbert.bojinov@katalon.com"): Text 'filbert.bojinov@katalon.com' is set on object 'Object Repository/Login - Correct/Page_Automation Exercise - Signup  Login/input_Login to your account_email'

04-04-2024T12:32:45 - [MESSAGE][PASSED] - Text 'filbert.bojinov@katalon.com' is set on object 'Object Repository/Login - Correct/Page_Automation Exercise - Signup  Login/input_Login to your account_email'

04-04-2024T12:32:45 - [TEST_STEP][PASSED] - setEncryptedText(findTestObject("Object Repository/Login - Correct/Page_Automation Exercise - Signup  Login/input_Login to your account_password"), "tzH6RvlfSTg="): Text ****** has been set on object 'Object Repository/Login - Correct/Page_Automation Exercise - Signup  Login/input_Login to your account_password'

04-04-2024T12:32:45 - [MESSAGE][PASSED] - Text ****** has been set on object 'Object Repository/Login - Correct/Page_Automation Exercise - Signup  Login/input_Login to your account_password'

04-04-2024T12:32:45 - [TEST_STEP][PASSED] - click(findTestObject("Object Repository/Login - Correct/Page_Automation Exercise - Signup  Login/button_Login")): Object: 'Object Repository/Login - Correct/Page_Automation Exercise - Signup  Login/button_Login' is clicked on

04-04-2024T12:32:48 - [MESSAGE][PASSED] - Object: 'Object Repository/Login - Correct/Page_Automation Exercise - Signup  Login/button_Login' is clicked on]]></system-out>
         <system-err><![CDATA[]]></system-err>
      </testcase>
      <testcase name="Test Cases/Logout" time="1.041" classname="Test Cases/Logout" status="PASSED">
         <system-out><![CDATA[04-04-2024T12:32:48 - [TEST_CASE][PASSED] - Test Cases/Logout: Test Cases/Logout

04-04-2024T12:32:48 - [TEST_STEP][PASSED] - click(findTestObject("Object Repository/Register/Page_Automation Exercise/a_Logout")): Object: 'Object Repository/Register/Page_Automation Exercise/a_Logout' is clicked on

04-04-2024T12:32:49 - [MESSAGE][PASSED] - Object: 'Object Repository/Register/Page_Automation Exercise/a_Logout' is clicked on]]></system-out>
         <system-err><![CDATA[]]></system-err>
      </testcase>
      <system-out><![CDATA[04-04-2024T12:32:37 - [TEST_SUITE][PASSED] - Login - Logout: Test Cases/Logout]]></system-out>
      <system-err><![CDATA[]]></system-err>
   </testsuite>
   <testsuite name="Normal" tests="6" failures="0" errors="0" time="36.217" skipped="0" timestamp="04-04-2024T12:32:55" hostname="1735 - 192.168.137.77" id="Test Suites/Normal">
      <properties>
         <property name="deviceName" value=""/>
         <property name="devicePlatform" value=""/>
         <property name="logFolder" value="C:\\Users\\1735\\git\\katalon_automationexercise\\Reports\\20240404_123228\\Normal\\20240404_123231"/>
         <property name="logFiles" value="C:\\Users\\1735\\git\\katalon_automationexercise\\Reports\\20240404_123228\\Normal\\20240404_123231\\execution0.log"/>
         <property name="attachments" value=""/>
         <property name="hostName" value="1735 - 192.168.137.77"/>
         <property name="os" value="Windows 11 64bit"/>
         <property name="katalonVersion" value="9.3.2.212"/>
         <property name="browser" value="Chrome 123.0.6312.86"/>
         <property name="hostAddress" value="192.168.137.77"/>
         <property name="sessionId" value="b04b654b9ce897886fa1c96b6e705ac2"/>
         <property name="seleniumVersion" value="3.141.59"/>
         <property name="proxyInformation" value="ProxyInformation { proxyOption=NO_PROXY, proxyServerType=HTTP, username=, password=********, proxyServerAddress=, proxyServerPort=0, executionList=&quot;&quot;, isApplyToDesiredCapabilities=true }"/>
         <property name="platform" value="Windows 11"/>
      </properties>
      <testcase name="Test Cases/Register - With Existing Email" time="8.098" classname="Test Cases/Register - With Existing Email" status="PASSED">
         <system-out><![CDATA[04-04-2024T12:32:55 - [TEST_CASE][PASSED] - Test Cases/Register - With Existing Email: Test Cases/Register - With Existing Email

04-04-2024T12:32:55 - [TEST_STEP][PASSED] - openBrowser(""): Browser is opened with url: ''

04-04-2024T12:32:56 - [MESSAGE][INFO] - Starting 'Chrome (headless)' driver

04-04-2024T12:32:56 - [MESSAGE][INFO] - Action delay is set to 0 milliseconds

04-04-2024T12:32:57 - [MESSAGE][PASSED] - Browser is opened with url: ''

04-04-2024T12:32:57 - [TEST_STEP][PASSED] - navigateToUrl("https://automationexercise.com/"): Navigate to 'https://automationexercise.com/' successfully

04-04-2024T12:33:00 - [MESSAGE][PASSED] - Navigate to 'https://automationexercise.com/' successfully

04-04-2024T12:33:00 - [TEST_STEP][PASSED] - click(findTestObject("Object Repository/Register - With Existing Email/Page_Automation Exercise/a_Signup  Login")): Object: 'Object Repository/Register - With Existing Email/Page_Automation Exercise/a_Signup  Login' is clicked on

04-04-2024T12:33:02 - [MESSAGE][PASSED] - Object: 'Object Repository/Register - With Existing Email/Page_Automation Exercise/a_Signup  Login' is clicked on

04-04-2024T12:33:02 - [TEST_STEP][PASSED] - setText(findTestObject("Object Repository/Register - With Existing Email/Page_Automation Exercise - Signup  Login/input_New User Signup_name"), "Filbert Bojinov"): Text 'Filbert Bojinov' is set on object 'Object Repository/Register - With Existing Email/Page_Automation Exercise - Signup  Login/input_New User Signup_name'

04-04-2024T12:33:02 - [MESSAGE][PASSED] - Text 'Filbert Bojinov' is set on object 'Object Repository/Register - With Existing Email/Page_Automation Exercise - Signup  Login/input_New User Signup_name'

04-04-2024T12:33:02 - [TEST_STEP][PASSED] - setText(findTestObject("Object Repository/Register - With Existing Email/Page_Automation Exercise - Signup  Login/input_New User Signup_email"), "filbert.bojinov@katalon.com"): Text 'filbert.bojinov@katalon.com' is set on object 'Object Repository/Register - With Existing Email/Page_Automation Exercise - Signup  Login/input_New User Signup_email'

04-04-2024T12:33:02 - [MESSAGE][PASSED] - Text 'filbert.bojinov@katalon.com' is set on object 'Object Repository/Register - With Existing Email/Page_Automation Exercise - Signup  Login/input_New User Signup_email'

04-04-2024T12:33:02 - [TEST_STEP][PASSED] - click(findTestObject("Object Repository/Register - With Existing Email/Page_Automation Exercise - Signup  Login/button_Signup")): Object: 'Object Repository/Register - With Existing Email/Page_Automation Exercise - Signup  Login/button_Signup' is clicked on

04-04-2024T12:33:03 - [MESSAGE][PASSED] - Object: 'Object Repository/Register - With Existing Email/Page_Automation Exercise - Signup  Login/button_Signup' is clicked on

04-04-2024T12:33:03 - [TEST_STEP][PASSED] - verifyElementVisible(findTestObject("Register - With Existing Email/Page_Automation Exercise - Signup  Login/p_Email Address already exist")): Object 'Object Repository/Register - With Existing Email/Page_Automation Exercise - Signup  Login/p_Email Address already exist' is visible

04-04-2024T12:33:03 - [MESSAGE][PASSED] - Object 'Object Repository/Register - With Existing Email/Page_Automation Exercise - Signup  Login/p_Email Address already exist' is visible]]></system-out>
         <system-err><![CDATA[]]></system-err>
      </testcase>
      <testcase name="Test Cases/Login - Incorrect" time="7.405" classname="Test Cases/Login - Incorrect" status="PASSED">
         <system-out><![CDATA[04-04-2024T12:33:03 - [TEST_CASE][PASSED] - Test Cases/Login - Incorrect: Test Cases/Login - Incorrect

04-04-2024T12:33:03 - [TEST_STEP][PASSED] - openBrowser(""): Browser is opened with url: ''

04-04-2024T12:33:03 - [MESSAGE][WARNING] - A browser is already opened. Closing browser and opening a new one

04-04-2024T12:33:03 - [MESSAGE][INFO] - Starting 'Chrome (headless)' driver

04-04-2024T12:33:03 - [MESSAGE][INFO] - Action delay is set to 0 milliseconds

04-04-2024T12:33:04 - [MESSAGE][PASSED] - Browser is opened with url: ''

04-04-2024T12:33:04 - [TEST_STEP][PASSED] - navigateToUrl("https://automationexercise.com/"): Navigate to 'https://automationexercise.com/' successfully

04-04-2024T12:33:08 - [MESSAGE][PASSED] - Navigate to 'https://automationexercise.com/' successfully

04-04-2024T12:33:08 - [TEST_STEP][PASSED] - click(findTestObject("Object Repository/Login - Incorrect/Page_Automation Exercise/a_Signup  Login")): Object: 'Object Repository/Login - Incorrect/Page_Automation Exercise/a_Signup  Login' is clicked on

04-04-2024T12:33:09 - [MESSAGE][PASSED] - Object: 'Object Repository/Login - Incorrect/Page_Automation Exercise/a_Signup  Login' is clicked on

04-04-2024T12:33:09 - [TEST_STEP][PASSED] - setText(findTestObject("Object Repository/Login - Incorrect/Page_Automation Exercise - Signup  Login/input_Login to your account_email"), "halohbrty@katalon.com"): Text 'halohbrty@katalon.com' is set on object 'Object Repository/Login - Incorrect/Page_Automation Exercise - Signup  Login/input_Login to your account_email'

04-04-2024T12:33:09 - [MESSAGE][PASSED] - Text 'halohbrty@katalon.com' is set on object 'Object Repository/Login - Incorrect/Page_Automation Exercise - Signup  Login/input_Login to your account_email'

04-04-2024T12:33:09 - [TEST_STEP][PASSED] - setEncryptedText(findTestObject("Object Repository/Login - Incorrect/Page_Automation Exercise - Signup  Login/input_Login to your account_password"), "tzH6RvlfSTg="): Text ****** has been set on object 'Object Repository/Login - Incorrect/Page_Automation Exercise - Signup  Login/input_Login to your account_password'

04-04-2024T12:33:10 - [MESSAGE][PASSED] - Text ****** has been set on object 'Object Repository/Login - Incorrect/Page_Automation Exercise - Signup  Login/input_Login to your account_password'

04-04-2024T12:33:10 - [TEST_STEP][PASSED] - click(findTestObject("Object Repository/Login - Incorrect/Page_Automation Exercise - Signup  Login/button_Login")): Object: 'Object Repository/Login - Incorrect/Page_Automation Exercise - Signup  Login/button_Login' is clicked on

04-04-2024T12:33:10 - [MESSAGE][PASSED] - Object: 'Object Repository/Login - Incorrect/Page_Automation Exercise - Signup  Login/button_Login' is clicked on

04-04-2024T12:33:10 - [TEST_STEP][PASSED] - verifyElementVisible(findTestObject("Login - Incorrect/Page_Automation Exercise - Signup  Login/p_Your email or password is incorrect")): Object 'Object Repository/Login - Incorrect/Page_Automation Exercise - Signup  Login/p_Your email or password is incorrect' is visible

04-04-2024T12:33:11 - [MESSAGE][PASSED] - Object 'Object Repository/Login - Incorrect/Page_Automation Exercise - Signup  Login/p_Your email or password is incorrect' is visible]]></system-out>
         <system-err><![CDATA[]]></system-err>
      </testcase>
      <testcase name="Test Cases/Login - Correct" time="11.276" classname="Test Cases/Login - Correct" status="PASSED">
         <system-out><![CDATA[04-04-2024T12:33:11 - [TEST_CASE][PASSED] - Test Cases/Login - Correct: Test Cases/Login - Correct

04-04-2024T12:33:11 - [TEST_STEP][PASSED] - openBrowser(""): Browser is opened with url: ''

04-04-2024T12:33:11 - [MESSAGE][WARNING] - A browser is already opened. Closing browser and opening a new one

04-04-2024T12:33:11 - [MESSAGE][INFO] - Starting 'Chrome (headless)' driver

04-04-2024T12:33:11 - [MESSAGE][INFO] - Action delay is set to 0 milliseconds

04-04-2024T12:33:12 - [MESSAGE][PASSED] - Browser is opened with url: ''

04-04-2024T12:33:12 - [TEST_STEP][PASSED] - navigateToUrl("https://automationexercise.com/"): Navigate to 'https://automationexercise.com/' successfully

04-04-2024T12:33:14 - [MESSAGE][PASSED] - Navigate to 'https://automationexercise.com/' successfully

04-04-2024T12:33:14 - [TEST_STEP][PASSED] - click(findTestObject("Object Repository/Login - Correct/Page_Automation Exercise/a_Signup  Login")): Object: 'Object Repository/Login - Correct/Page_Automation Exercise/a_Signup  Login' is clicked on

04-04-2024T12:33:16 - [MESSAGE][PASSED] - Object: 'Object Repository/Login - Correct/Page_Automation Exercise/a_Signup  Login' is clicked on

04-04-2024T12:33:16 - [TEST_STEP][PASSED] - setText(findTestObject("Object Repository/Login - Correct/Page_Automation Exercise - Signup  Login/input_Login to your account_email"), "filbert.bojinov@katalon.com"): Text 'filbert.bojinov@katalon.com' is set on object 'Object Repository/Login - Correct/Page_Automation Exercise - Signup  Login/input_Login to your account_email'

04-04-2024T12:33:17 - [MESSAGE][PASSED] - Text 'filbert.bojinov@katalon.com' is set on object 'Object Repository/Login - Correct/Page_Automation Exercise - Signup  Login/input_Login to your account_email'

04-04-2024T12:33:17 - [TEST_STEP][PASSED] - setEncryptedText(findTestObject("Object Repository/Login - Correct/Page_Automation Exercise - Signup  Login/input_Login to your account_password"), "tzH6RvlfSTg="): Text ****** has been set on object 'Object Repository/Login - Correct/Page_Automation Exercise - Signup  Login/input_Login to your account_password'

04-04-2024T12:33:17 - [MESSAGE][PASSED] - Text ****** has been set on object 'Object Repository/Login - Correct/Page_Automation Exercise - Signup  Login/input_Login to your account_password'

04-04-2024T12:33:17 - [TEST_STEP][PASSED] - click(findTestObject("Object Repository/Login - Correct/Page_Automation Exercise - Signup  Login/button_Login")): Object: 'Object Repository/Login - Correct/Page_Automation Exercise - Signup  Login/button_Login' is clicked on

04-04-2024T12:33:22 - [MESSAGE][PASSED] - Object: 'Object Repository/Login - Correct/Page_Automation Exercise - Signup  Login/button_Login' is clicked on]]></system-out>
         <system-err><![CDATA[]]></system-err>
      </testcase>
      <testcase name="Test Cases/Verify Subscription in home page" time="0.559" classname="Test Cases/Verify Subscription in home page" status="PASSED">
         <system-out><![CDATA[04-04-2024T12:33:22 - [TEST_CASE][PASSED] - Test Cases/Verify Subscription in home page: Test Cases/Verify Subscription in home page

04-04-2024T12:33:22 - [TEST_STEP][PASSED] - setText(findTestObject("Object Repository/Verify Subscription in home page/Page_Automation Exercise/input_Subscription_susbscribe_email"), "FILBERT.BOJINOV@KATALON.COM"): Text 'FILBERT.BOJINOV@KATALON.COM' is set on object 'Object Repository/Verify Subscription in home page/Page_Automation Exercise/input_Subscription_susbscribe_email'

04-04-2024T12:33:22 - [MESSAGE][PASSED] - Text 'FILBERT.BOJINOV@KATALON.COM' is set on object 'Object Repository/Verify Subscription in home page/Page_Automation Exercise/input_Subscription_susbscribe_email'

04-04-2024T12:33:22 - [TEST_STEP][PASSED] - click(findTestObject("Object Repository/Verify Subscription in home page/Page_Automation Exercise/button_Subscription_subscribe")): Object: 'Object Repository/Verify Subscription in home page/Page_Automation Exercise/button_Subscription_subscribe' is clicked on

04-04-2024T12:33:22 - [MESSAGE][PASSED] - Object: 'Object Repository/Verify Subscription in home page/Page_Automation Exercise/button_Subscription_subscribe' is clicked on

04-04-2024T12:33:22 - [TEST_STEP][PASSED] - verifyElementVisible(findTestObject("Verify Subscription in home page/Page_Automation Exercise/div_You have been successfully subscribed")): Object 'Object Repository/Verify Subscription in home page/Page_Automation Exercise/div_You have been successfully subscribed' is visible

04-04-2024T12:33:22 - [MESSAGE][PASSED] - Object 'Object Repository/Verify Subscription in home page/Page_Automation Exercise/div_You have been successfully subscribed' is visible]]></system-out>
         <system-err><![CDATA[]]></system-err>
      </testcase>
      <testcase name="Test Cases/Add review on product" time="6.537" classname="Test Cases/Add review on product" status="PASSED">
         <system-out><![CDATA[04-04-2024T12:33:22 - [TEST_CASE][PASSED] - Test Cases/Add review on product: Test Cases/Add review on product

04-04-2024T12:33:22 - [TEST_STEP][PASSED] - click(findTestObject("Object Repository/Add review on product/Page_Automation Exercise/a_Products")): Object: 'Object Repository/Add review on product/Page_Automation Exercise/a_Products' is clicked on

04-04-2024T12:33:26 - [MESSAGE][PASSED] - Object: 'Object Repository/Add review on product/Page_Automation Exercise/a_Products' is clicked on

04-04-2024T12:33:26 - [TEST_STEP][PASSED] - click(findTestObject("Object Repository/Add review on product/Page_Automation Exercise - All Products/a_View Product")): Object: 'Object Repository/Add review on product/Page_Automation Exercise - All Products/a_View Product' is clicked on

04-04-2024T12:33:28 - [MESSAGE][PASSED] - Object: 'Object Repository/Add review on product/Page_Automation Exercise - All Products/a_View Product' is clicked on

04-04-2024T12:33:28 - [TEST_STEP][PASSED] - setText(findTestObject("Object Repository/Add review on product/Page_Automation Exercise - Product Details/input_Write Your Review_name"), "Ola"): Text 'Ola' is set on object 'Object Repository/Add review on product/Page_Automation Exercise - Product Details/input_Write Your Review_name'

04-04-2024T12:33:28 - [MESSAGE][PASSED] - Text 'Ola' is set on object 'Object Repository/Add review on product/Page_Automation Exercise - Product Details/input_Write Your Review_name'

04-04-2024T12:33:28 - [TEST_STEP][PASSED] - setText(findTestObject("Object Repository/Add review on product/Page_Automation Exercise - Product Details/input_Write Your Review_email"), "ola@katalon.com"): Text 'ola@katalon.com' is set on object 'Object Repository/Add review on product/Page_Automation Exercise - Product Details/input_Write Your Review_email'

04-04-2024T12:33:29 - [MESSAGE][PASSED] - Text 'ola@katalon.com' is set on object 'Object Repository/Add review on product/Page_Automation Exercise - Product Details/input_Write Your Review_email'

04-04-2024T12:33:29 - [TEST_STEP][PASSED] - setText(findTestObject("Object Repository/Add review on product/Page_Automation Exercise - Product Details/textarea_Write Your Review_review"), "testo"): Text 'testo' is set on object 'Object Repository/Add review on product/Page_Automation Exercise - Product Details/textarea_Write Your Review_review'

04-04-2024T12:33:29 - [MESSAGE][PASSED] - Text 'testo' is set on object 'Object Repository/Add review on product/Page_Automation Exercise - Product Details/textarea_Write Your Review_review'

04-04-2024T12:33:29 - [TEST_STEP][PASSED] - click(findTestObject("Object Repository/Add review on product/Page_Automation Exercise - Product Details/button_Submit")): Object: 'Object Repository/Add review on product/Page_Automation Exercise - Product Details/button_Submit' is clicked on

04-04-2024T12:33:29 - [MESSAGE][PASSED] - Object: 'Object Repository/Add review on product/Page_Automation Exercise - Product Details/button_Submit' is clicked on

04-04-2024T12:33:29 - [TEST_STEP][PASSED] - verifyElementVisible(findTestObject("Add review on product/Page_Automation Exercise - Product Details/span_Thank you for your review")): Object 'Object Repository/Add review on product/Page_Automation Exercise - Product Details/span_Thank you for your review' is visible

04-04-2024T12:33:29 - [MESSAGE][PASSED] - Object 'Object Repository/Add review on product/Page_Automation Exercise - Product Details/span_Thank you for your review' is visible]]></system-out>
         <system-err><![CDATA[]]></system-err>
      </testcase>
      <testcase name="Test Cases/Logout" time="2.107" classname="Test Cases/Logout" status="PASSED">
         <system-out><![CDATA[04-04-2024T12:33:29 - [TEST_CASE][PASSED] - Test Cases/Logout: Test Cases/Logout

04-04-2024T12:33:29 - [TEST_STEP][PASSED] - click(findTestObject("Object Repository/Register/Page_Automation Exercise/a_Logout")): Object: 'Object Repository/Register/Page_Automation Exercise/a_Logout' is clicked on

04-04-2024T12:33:31 - [MESSAGE][PASSED] - Object: 'Object Repository/Register/Page_Automation Exercise/a_Logout' is clicked on]]></system-out>
         <system-err><![CDATA[]]></system-err>
      </testcase>
      <system-out><![CDATA[04-04-2024T12:32:55 - [TEST_SUITE][PASSED] - Normal: Test Cases/Logout]]></system-out>
      <system-err><![CDATA[]]></system-err>
   </testsuite>
</testsuites>
