<?xml version="1.0" encoding="UTF-8"?>
<testsuites name="TSC - Test" time="55.941" tests="8" failures="0" errors="0">
   <testsuite name="Login - Logout" tests="2" failures="0" errors="0" time="14.878" skipped="0" timestamp="05-04-2024T10:21:41" hostname="1735 - 192.168.137.77" id="Test Suites/Login - Logout">
      <properties>
         <property name="deviceName" value=""/>
         <property name="devicePlatform" value=""/>
         <property name="logFolder" value="C:\\Users\\1735\\git\\katalon_automationexercise\\Reports\\20240405_102131\\Login - Logout\\20240405_102132"/>
         <property name="logFiles" value="C:\\Users\\1735\\git\\katalon_automationexercise\\Reports\\20240405_102131\\Login - Logout\\20240405_102132\\execution0.log"/>
         <property name="attachments" value=""/>
         <property name="hostName" value="1735 - 192.168.137.77"/>
         <property name="os" value="Windows 11 64bit"/>
         <property name="katalonVersion" value="9.3.2.212"/>
         <property name="browser" value="Chrome 123.0.6312.86"/>
         <property name="hostAddress" value="192.168.137.77"/>
         <property name="sessionId" value="b777ae7e77e1df71b490980f817bdf29"/>
         <property name="seleniumVersion" value="3.141.59"/>
         <property name="proxyInformation" value="ProxyInformation { proxyOption=NO_PROXY, proxyServerType=HTTP, username=, password=********, proxyServerAddress=, proxyServerPort=0, executionList=&quot;&quot;, isApplyToDesiredCapabilities=true }"/>
         <property name="platform" value="Windows 11"/>
      </properties>
      <testcase name="Test Cases/Login - Correct" time="13.091" classname="Test Cases/Login - Correct" status="PASSED">
         <system-out><![CDATA[05-04-2024T10:21:41 - [TEST_CASE][PASSED] - Test Cases/Login - Correct: Test Cases/Login - Correct

05-04-2024T10:21:41 - [TEST_STEP][PASSED] - openBrowser(""): Browser is opened with url: ''

05-04-2024T10:21:41 - [MESSAGE][INFO] - Starting 'Chrome (headless)' driver

05-04-2024T10:21:42 - [MESSAGE][INFO] - Action delay is set to 0 milliseconds

05-04-2024T10:21:44 - [MESSAGE][PASSED] - Browser is opened with url: ''

05-04-2024T10:21:44 - [TEST_STEP][PASSED] - navigateToUrl("https://automationexercise.com/"): Navigate to 'https://automationexercise.com/' successfully

05-04-2024T10:21:48 - [MESSAGE][PASSED] - Navigate to 'https://automationexercise.com/' successfully

05-04-2024T10:21:48 - [TEST_STEP][PASSED] - click(findTestObject("Object Repository/Login - Correct/Page_Automation Exercise/a_Signup  Login")): Object: 'Object Repository/Login - Correct/Page_Automation Exercise/a_Signup  Login' is clicked on

05-04-2024T10:21:50 - [MESSAGE][PASSED] - Object: 'Object Repository/Login - Correct/Page_Automation Exercise/a_Signup  Login' is clicked on

05-04-2024T10:21:50 - [TEST_STEP][PASSED] - setText(findTestObject("Object Repository/Login - Correct/Page_Automation Exercise - Signup  Login/input_Login to your account_email"), "filbert.bojinov@katalon.com"): Text 'filbert.bojinov@katalon.com' is set on object 'Object Repository/Login - Correct/Page_Automation Exercise - Signup  Login/input_Login to your account_email'

05-04-2024T10:21:51 - [MESSAGE][PASSED] - Text 'filbert.bojinov@katalon.com' is set on object 'Object Repository/Login - Correct/Page_Automation Exercise - Signup  Login/input_Login to your account_email'

05-04-2024T10:21:51 - [TEST_STEP][PASSED] - setEncryptedText(findTestObject("Object Repository/Login - Correct/Page_Automation Exercise - Signup  Login/input_Login to your account_password"), "tzH6RvlfSTg="): Text ****** has been set on object 'Object Repository/Login - Correct/Page_Automation Exercise - Signup  Login/input_Login to your account_password'

05-04-2024T10:21:51 - [MESSAGE][PASSED] - Text ****** has been set on object 'Object Repository/Login - Correct/Page_Automation Exercise - Signup  Login/input_Login to your account_password'

05-04-2024T10:21:51 - [TEST_STEP][PASSED] - click(findTestObject("Object Repository/Login - Correct/Page_Automation Exercise - Signup  Login/button_Login")): Object: 'Object Repository/Login - Correct/Page_Automation Exercise - Signup  Login/button_Login' is clicked on

05-04-2024T10:21:54 - [MESSAGE][PASSED] - Object: 'Object Repository/Login - Correct/Page_Automation Exercise - Signup  Login/button_Login' is clicked on]]></system-out>
         <system-err><![CDATA[]]></system-err>
      </testcase>
      <testcase name="Test Cases/Logout" time="1.525" classname="Test Cases/Logout" status="PASSED">
         <system-out><![CDATA[05-04-2024T10:21:54 - [TEST_CASE][PASSED] - Test Cases/Logout: Test Cases/Logout

05-04-2024T10:21:54 - [TEST_STEP][PASSED] - click(findTestObject("Object Repository/Register/Page_Automation Exercise/a_Logout")): Object: 'Object Repository/Register/Page_Automation Exercise/a_Logout' is clicked on

05-04-2024T10:21:56 - [MESSAGE][PASSED] - Object: 'Object Repository/Register/Page_Automation Exercise/a_Logout' is clicked on]]></system-out>
         <system-err><![CDATA[]]></system-err>
      </testcase>
      <system-out><![CDATA[05-04-2024T10:21:41 - [TEST_SUITE][PASSED] - Login - Logout: Test Cases/Logout]]></system-out>
      <system-err><![CDATA[]]></system-err>
   </testsuite>
   <testsuite name="Normal" tests="6" failures="0" errors="0" time="29.447" skipped="0" timestamp="05-04-2024T10:22:01" hostname="1735 - 192.168.137.77" id="Test Suites/Normal">
      <properties>
         <property name="deviceName" value=""/>
         <property name="devicePlatform" value=""/>
         <property name="logFolder" value="C:\\Users\\1735\\git\\katalon_automationexercise\\Reports\\20240405_102131\\Normal\\20240405_102134"/>
         <property name="logFiles" value="C:\\Users\\1735\\git\\katalon_automationexercise\\Reports\\20240405_102131\\Normal\\20240405_102134\\execution0.log"/>
         <property name="attachments" value=""/>
         <property name="hostName" value="1735 - 192.168.137.77"/>
         <property name="os" value="Windows 11 64bit"/>
         <property name="katalonVersion" value="9.3.2.212"/>
         <property name="browser" value="Chrome 123.0.6312.86"/>
         <property name="hostAddress" value="192.168.137.77"/>
         <property name="sessionId" value="865ff17ea6e52e0ed6f2acecd38a82c1"/>
         <property name="seleniumVersion" value="3.141.59"/>
         <property name="proxyInformation" value="ProxyInformation { proxyOption=NO_PROXY, proxyServerType=HTTP, username=, password=********, proxyServerAddress=, proxyServerPort=0, executionList=&quot;&quot;, isApplyToDesiredCapabilities=true }"/>
         <property name="platform" value="Windows 11"/>
      </properties>
      <testcase name="Test Cases/Register - With Existing Email" time="8.358" classname="Test Cases/Register - With Existing Email" status="PASSED">
         <system-out><![CDATA[05-04-2024T10:22:01 - [TEST_CASE][PASSED] - Test Cases/Register - With Existing Email: Test Cases/Register - With Existing Email

05-04-2024T10:22:02 - [TEST_STEP][PASSED] - openBrowser(""): Browser is opened with url: ''

05-04-2024T10:22:02 - [MESSAGE][INFO] - Starting 'Chrome (headless)' driver

05-04-2024T10:22:02 - [MESSAGE][INFO] - Action delay is set to 0 milliseconds

05-04-2024T10:22:04 - [MESSAGE][PASSED] - Browser is opened with url: ''

05-04-2024T10:22:04 - [TEST_STEP][PASSED] - navigateToUrl("https://automationexercise.com/"): Navigate to 'https://automationexercise.com/' successfully

05-04-2024T10:22:07 - [MESSAGE][PASSED] - Navigate to 'https://automationexercise.com/' successfully

05-04-2024T10:22:07 - [TEST_STEP][PASSED] - click(findTestObject("Object Repository/Register - With Existing Email/Page_Automation Exercise/a_Signup  Login")): Object: 'Object Repository/Register - With Existing Email/Page_Automation Exercise/a_Signup  Login' is clicked on

05-04-2024T10:22:08 - [MESSAGE][PASSED] - Object: 'Object Repository/Register - With Existing Email/Page_Automation Exercise/a_Signup  Login' is clicked on

05-04-2024T10:22:08 - [TEST_STEP][PASSED] - setText(findTestObject("Object Repository/Register - With Existing Email/Page_Automation Exercise - Signup  Login/input_New User Signup_name"), "Filbert Bojinov"): Text 'Filbert Bojinov' is set on object 'Object Repository/Register - With Existing Email/Page_Automation Exercise - Signup  Login/input_New User Signup_name'

05-04-2024T10:22:08 - [MESSAGE][PASSED] - Text 'Filbert Bojinov' is set on object 'Object Repository/Register - With Existing Email/Page_Automation Exercise - Signup  Login/input_New User Signup_name'

05-04-2024T10:22:08 - [TEST_STEP][PASSED] - setText(findTestObject("Object Repository/Register - With Existing Email/Page_Automation Exercise - Signup  Login/input_New User Signup_email"), "filbert.bojinov@katalon.com"): Text 'filbert.bojinov@katalon.com' is set on object 'Object Repository/Register - With Existing Email/Page_Automation Exercise - Signup  Login/input_New User Signup_email'

05-04-2024T10:22:09 - [MESSAGE][PASSED] - Text 'filbert.bojinov@katalon.com' is set on object 'Object Repository/Register - With Existing Email/Page_Automation Exercise - Signup  Login/input_New User Signup_email'

05-04-2024T10:22:09 - [TEST_STEP][PASSED] - click(findTestObject("Object Repository/Register - With Existing Email/Page_Automation Exercise - Signup  Login/button_Signup")): Object: 'Object Repository/Register - With Existing Email/Page_Automation Exercise - Signup  Login/button_Signup' is clicked on

05-04-2024T10:22:09 - [MESSAGE][PASSED] - Object: 'Object Repository/Register - With Existing Email/Page_Automation Exercise - Signup  Login/button_Signup' is clicked on

05-04-2024T10:22:09 - [TEST_STEP][PASSED] - verifyElementVisible(findTestObject("Register - With Existing Email/Page_Automation Exercise - Signup  Login/p_Email Address already exist")): Object 'Object Repository/Register - With Existing Email/Page_Automation Exercise - Signup  Login/p_Email Address already exist' is visible

05-04-2024T10:22:10 - [MESSAGE][PASSED] - Object 'Object Repository/Register - With Existing Email/Page_Automation Exercise - Signup  Login/p_Email Address already exist' is visible]]></system-out>
         <system-err><![CDATA[]]></system-err>
      </testcase>
      <testcase name="Test Cases/Login - Incorrect" time="6.543" classname="Test Cases/Login - Incorrect" status="PASSED">
         <system-out><![CDATA[05-04-2024T10:22:10 - [TEST_CASE][PASSED] - Test Cases/Login - Incorrect: Test Cases/Login - Incorrect

05-04-2024T10:22:10 - [TEST_STEP][PASSED] - openBrowser(""): Browser is opened with url: ''

05-04-2024T10:22:10 - [MESSAGE][WARNING] - A browser is already opened. Closing browser and opening a new one

05-04-2024T10:22:10 - [MESSAGE][INFO] - Starting 'Chrome (headless)' driver

05-04-2024T10:22:10 - [MESSAGE][INFO] - Action delay is set to 0 milliseconds

05-04-2024T10:22:10 - [MESSAGE][PASSED] - Browser is opened with url: ''

05-04-2024T10:22:10 - [TEST_STEP][PASSED] - navigateToUrl("https://automationexercise.com/"): Navigate to 'https://automationexercise.com/' successfully

05-04-2024T10:22:13 - [MESSAGE][PASSED] - Navigate to 'https://automationexercise.com/' successfully

05-04-2024T10:22:13 - [TEST_STEP][PASSED] - click(findTestObject("Object Repository/Login - Incorrect/Page_Automation Exercise/a_Signup  Login")): Object: 'Object Repository/Login - Incorrect/Page_Automation Exercise/a_Signup  Login' is clicked on

05-04-2024T10:22:15 - [MESSAGE][PASSED] - Object: 'Object Repository/Login - Incorrect/Page_Automation Exercise/a_Signup  Login' is clicked on

05-04-2024T10:22:15 - [TEST_STEP][PASSED] - setText(findTestObject("Object Repository/Login - Incorrect/Page_Automation Exercise - Signup  Login/input_Login to your account_email"), "halohbrty@katalon.com"): Text 'halohbrty@katalon.com' is set on object 'Object Repository/Login - Incorrect/Page_Automation Exercise - Signup  Login/input_Login to your account_email'

05-04-2024T10:22:15 - [MESSAGE][PASSED] - Text 'halohbrty@katalon.com' is set on object 'Object Repository/Login - Incorrect/Page_Automation Exercise - Signup  Login/input_Login to your account_email'

05-04-2024T10:22:15 - [TEST_STEP][PASSED] - setEncryptedText(findTestObject("Object Repository/Login - Incorrect/Page_Automation Exercise - Signup  Login/input_Login to your account_password"), "tzH6RvlfSTg="): Text ****** has been set on object 'Object Repository/Login - Incorrect/Page_Automation Exercise - Signup  Login/input_Login to your account_password'

05-04-2024T10:22:15 - [MESSAGE][PASSED] - Text ****** has been set on object 'Object Repository/Login - Incorrect/Page_Automation Exercise - Signup  Login/input_Login to your account_password'

05-04-2024T10:22:15 - [TEST_STEP][PASSED] - click(findTestObject("Object Repository/Login - Incorrect/Page_Automation Exercise - Signup  Login/button_Login")): Object: 'Object Repository/Login - Incorrect/Page_Automation Exercise - Signup  Login/button_Login' is clicked on

05-04-2024T10:22:16 - [MESSAGE][PASSED] - Object: 'Object Repository/Login - Incorrect/Page_Automation Exercise - Signup  Login/button_Login' is clicked on

05-04-2024T10:22:16 - [TEST_STEP][PASSED] - verifyElementVisible(findTestObject("Login - Incorrect/Page_Automation Exercise - Signup  Login/p_Your email or password is incorrect")): Object 'Object Repository/Login - Incorrect/Page_Automation Exercise - Signup  Login/p_Your email or password is incorrect' is visible

05-04-2024T10:22:16 - [MESSAGE][PASSED] - Object 'Object Repository/Login - Incorrect/Page_Automation Exercise - Signup  Login/p_Your email or password is incorrect' is visible]]></system-out>
         <system-err><![CDATA[]]></system-err>
      </testcase>
      <testcase name="Test Cases/Login - Correct" time="8.638" classname="Test Cases/Login - Correct" status="PASSED">
         <system-out><![CDATA[05-04-2024T10:22:16 - [TEST_CASE][PASSED] - Test Cases/Login - Correct: Test Cases/Login - Correct

05-04-2024T10:22:16 - [TEST_STEP][PASSED] - openBrowser(""): Browser is opened with url: ''

05-04-2024T10:22:16 - [MESSAGE][WARNING] - A browser is already opened. Closing browser and opening a new one

05-04-2024T10:22:16 - [MESSAGE][INFO] - Starting 'Chrome (headless)' driver

05-04-2024T10:22:16 - [MESSAGE][INFO] - Action delay is set to 0 milliseconds

05-04-2024T10:22:17 - [MESSAGE][PASSED] - Browser is opened with url: ''

05-04-2024T10:22:17 - [TEST_STEP][PASSED] - navigateToUrl("https://automationexercise.com/"): Navigate to 'https://automationexercise.com/' successfully

05-04-2024T10:22:20 - [MESSAGE][PASSED] - Navigate to 'https://automationexercise.com/' successfully

05-04-2024T10:22:20 - [TEST_STEP][PASSED] - click(findTestObject("Object Repository/Login - Correct/Page_Automation Exercise/a_Signup  Login")): Object: 'Object Repository/Login - Correct/Page_Automation Exercise/a_Signup  Login' is clicked on

05-04-2024T10:22:21 - [MESSAGE][PASSED] - Object: 'Object Repository/Login - Correct/Page_Automation Exercise/a_Signup  Login' is clicked on

05-04-2024T10:22:22 - [TEST_STEP][PASSED] - setText(findTestObject("Object Repository/Login - Correct/Page_Automation Exercise - Signup  Login/input_Login to your account_email"), "filbert.bojinov@katalon.com"): Text 'filbert.bojinov@katalon.com' is set on object 'Object Repository/Login - Correct/Page_Automation Exercise - Signup  Login/input_Login to your account_email'

05-04-2024T10:22:22 - [MESSAGE][PASSED] - Text 'filbert.bojinov@katalon.com' is set on object 'Object Repository/Login - Correct/Page_Automation Exercise - Signup  Login/input_Login to your account_email'

05-04-2024T10:22:22 - [TEST_STEP][PASSED] - setEncryptedText(findTestObject("Object Repository/Login - Correct/Page_Automation Exercise - Signup  Login/input_Login to your account_password"), "tzH6RvlfSTg="): Text ****** has been set on object 'Object Repository/Login - Correct/Page_Automation Exercise - Signup  Login/input_Login to your account_password'

05-04-2024T10:22:22 - [MESSAGE][PASSED] - Text ****** has been set on object 'Object Repository/Login - Correct/Page_Automation Exercise - Signup  Login/input_Login to your account_password'

05-04-2024T10:22:22 - [TEST_STEP][PASSED] - click(findTestObject("Object Repository/Login - Correct/Page_Automation Exercise - Signup  Login/button_Login")): Object: 'Object Repository/Login - Correct/Page_Automation Exercise - Signup  Login/button_Login' is clicked on

05-04-2024T10:22:25 - [MESSAGE][PASSED] - Object: 'Object Repository/Login - Correct/Page_Automation Exercise - Signup  Login/button_Login' is clicked on]]></system-out>
         <system-err><![CDATA[]]></system-err>
      </testcase>
      <testcase name="Test Cases/Verify Subscription in home page" time="0.563" classname="Test Cases/Verify Subscription in home page" status="PASSED">
         <system-out><![CDATA[05-04-2024T10:22:25 - [TEST_CASE][PASSED] - Test Cases/Verify Subscription in home page: Test Cases/Verify Subscription in home page

05-04-2024T10:22:25 - [TEST_STEP][PASSED] - setText(findTestObject("Object Repository/Verify Subscription in home page/Page_Automation Exercise/input_Subscription_susbscribe_email"), "FILBERT.BOJINOV@KATALON.COM"): Text 'FILBERT.BOJINOV@KATALON.COM' is set on object 'Object Repository/Verify Subscription in home page/Page_Automation Exercise/input_Subscription_susbscribe_email'

05-04-2024T10:22:25 - [MESSAGE][PASSED] - Text 'FILBERT.BOJINOV@KATALON.COM' is set on object 'Object Repository/Verify Subscription in home page/Page_Automation Exercise/input_Subscription_susbscribe_email'

05-04-2024T10:22:25 - [TEST_STEP][PASSED] - click(findTestObject("Object Repository/Verify Subscription in home page/Page_Automation Exercise/button_Subscription_subscribe")): Object: 'Object Repository/Verify Subscription in home page/Page_Automation Exercise/button_Subscription_subscribe' is clicked on

05-04-2024T10:22:25 - [MESSAGE][PASSED] - Object: 'Object Repository/Verify Subscription in home page/Page_Automation Exercise/button_Subscription_subscribe' is clicked on

05-04-2024T10:22:25 - [TEST_STEP][PASSED] - verifyElementVisible(findTestObject("Verify Subscription in home page/Page_Automation Exercise/div_You have been successfully subscribed")): Object 'Object Repository/Verify Subscription in home page/Page_Automation Exercise/div_You have been successfully subscribed' is visible

05-04-2024T10:22:25 - [MESSAGE][PASSED] - Object 'Object Repository/Verify Subscription in home page/Page_Automation Exercise/div_You have been successfully subscribed' is visible]]></system-out>
         <system-err><![CDATA[]]></system-err>
      </testcase>
      <testcase name="Test Cases/Add review on product" time="4.104" classname="Test Cases/Add review on product" status="PASSED">
         <system-out><![CDATA[05-04-2024T10:22:25 - [TEST_CASE][PASSED] - Test Cases/Add review on product: Test Cases/Add review on product

05-04-2024T10:22:25 - [TEST_STEP][PASSED] - click(findTestObject("Object Repository/Add review on product/Page_Automation Exercise/a_Products")): Object: 'Object Repository/Add review on product/Page_Automation Exercise/a_Products' is clicked on

05-04-2024T10:22:28 - [MESSAGE][PASSED] - Object: 'Object Repository/Add review on product/Page_Automation Exercise/a_Products' is clicked on

05-04-2024T10:22:28 - [TEST_STEP][PASSED] - click(findTestObject("Object Repository/Add review on product/Page_Automation Exercise - All Products/a_View Product")): Object: 'Object Repository/Add review on product/Page_Automation Exercise - All Products/a_View Product' is clicked on

05-04-2024T10:22:29 - [MESSAGE][PASSED] - Object: 'Object Repository/Add review on product/Page_Automation Exercise - All Products/a_View Product' is clicked on

05-04-2024T10:22:29 - [TEST_STEP][PASSED] - setText(findTestObject("Object Repository/Add review on product/Page_Automation Exercise - Product Details/input_Write Your Review_name"), "Ola"): Text 'Ola' is set on object 'Object Repository/Add review on product/Page_Automation Exercise - Product Details/input_Write Your Review_name'

05-04-2024T10:22:29 - [MESSAGE][PASSED] - Text 'Ola' is set on object 'Object Repository/Add review on product/Page_Automation Exercise - Product Details/input_Write Your Review_name'

05-04-2024T10:22:29 - [TEST_STEP][PASSED] - setText(findTestObject("Object Repository/Add review on product/Page_Automation Exercise - Product Details/input_Write Your Review_email"), "ola@katalon.com"): Text 'ola@katalon.com' is set on object 'Object Repository/Add review on product/Page_Automation Exercise - Product Details/input_Write Your Review_email'

05-04-2024T10:22:29 - [MESSAGE][PASSED] - Text 'ola@katalon.com' is set on object 'Object Repository/Add review on product/Page_Automation Exercise - Product Details/input_Write Your Review_email'

05-04-2024T10:22:29 - [TEST_STEP][PASSED] - setText(findTestObject("Object Repository/Add review on product/Page_Automation Exercise - Product Details/textarea_Write Your Review_review"), "testo"): Text 'testo' is set on object 'Object Repository/Add review on product/Page_Automation Exercise - Product Details/textarea_Write Your Review_review'

05-04-2024T10:22:29 - [MESSAGE][PASSED] - Text 'testo' is set on object 'Object Repository/Add review on product/Page_Automation Exercise - Product Details/textarea_Write Your Review_review'

05-04-2024T10:22:29 - [TEST_STEP][PASSED] - click(findTestObject("Object Repository/Add review on product/Page_Automation Exercise - Product Details/button_Submit")): Object: 'Object Repository/Add review on product/Page_Automation Exercise - Product Details/button_Submit' is clicked on

05-04-2024T10:22:29 - [MESSAGE][PASSED] - Object: 'Object Repository/Add review on product/Page_Automation Exercise - Product Details/button_Submit' is clicked on

05-04-2024T10:22:29 - [TEST_STEP][PASSED] - verifyElementVisible(findTestObject("Add review on product/Page_Automation Exercise - Product Details/span_Thank you for your review")): Object 'Object Repository/Add review on product/Page_Automation Exercise - Product Details/span_Thank you for your review' is visible

05-04-2024T10:22:29 - [MESSAGE][PASSED] - Object 'Object Repository/Add review on product/Page_Automation Exercise - Product Details/span_Thank you for your review' is visible]]></system-out>
         <system-err><![CDATA[]]></system-err>
      </testcase>
      <testcase name="Test Cases/Logout" time="1.002" classname="Test Cases/Logout" status="PASSED">
         <system-out><![CDATA[05-04-2024T10:22:29 - [TEST_CASE][PASSED] - Test Cases/Logout: Test Cases/Logout

05-04-2024T10:22:30 - [TEST_STEP][PASSED] - click(findTestObject("Object Repository/Register/Page_Automation Exercise/a_Logout")): Object: 'Object Repository/Register/Page_Automation Exercise/a_Logout' is clicked on

05-04-2024T10:22:30 - [MESSAGE][PASSED] - Object: 'Object Repository/Register/Page_Automation Exercise/a_Logout' is clicked on]]></system-out>
         <system-err><![CDATA[]]></system-err>
      </testcase>
      <system-out><![CDATA[05-04-2024T10:22:01 - [TEST_SUITE][PASSED] - Normal: Test Cases/Logout]]></system-out>
      <system-err><![CDATA[]]></system-err>
   </testsuite>
</testsuites>
